[INFO] Scanning for projects...
[INFO] 
[INFO] -------------------< tn.forma:service-utilisateurs >--------------------
[INFO] Building  0.0.1-SNAPSHOT
[INFO]   from pom.xml
[INFO] --------------------------------[ jar ]---------------------------------
[INFO] 
[INFO] >>> spring-boot:4.0.3:run (default-cli) > test-compile @ service-utilisateurs >>>
[INFO] 
[INFO] --- resources:3.3.1:resources (default-resources) @ service-utilisateurs ---
[INFO] Copying 1 resource from src\main\resources to target\classes
[INFO] Copying 0 resource from src\main\resources to target\classes
[INFO] 
[INFO] --- compiler:3.14.1:compile (default-compile) @ service-utilisateurs ---
[INFO] Nothing to compile - all classes are up to date.
[INFO] 
[INFO] --- resources:3.3.1:testResources (default-testResources) @ service-utilisateurs ---
[INFO] skip non existing resourceDirectory C:\My Folders\IGL3\S2\Nouvelles Tech°\Forma\Backend\service-utilisateurs\src\test\resources
[INFO] 
[INFO] --- compiler:3.14.1:testCompile (default-testCompile) @ service-utilisateurs ---
[INFO] Nothing to compile - all classes are up to date.
[INFO] 
[INFO] <<< spring-boot:4.0.3:run (default-cli) < test-compile @ service-utilisateurs <<<
[INFO] 
[INFO] 
[INFO] --- spring-boot:4.0.3:run (default-cli) @ service-utilisateurs ---
[INFO] Attaching agents: []

  .   ____          _            __ _ _
 /\\ / ___'_ __ _ _(_)_ __  __ _ \ \ \ \
( ( )\___ | '_ | '_| | '_ \/ _` | \ \ \ \
 \\/  ___)| |_)| | | | | || (_| |  ) ) ) )
  '  |____| .__|_| |_|_| |_\__, | / / / /
 =========|_|==============|___/=/_/_/_/

 :: Spring Boot ::                (v4.0.3)

2026-04-05T20:06:24.206+01:00  INFO 3308 --- [  restartedMain] tn.forma.users.Application               : Starting Application using Java 25.0.2 with PID 3308 (C:\My Folders\IGL3\S2\Nouvelles Tech°\Forma\Backend\service-utilisateurs\target\classes started by Skander Boughnimi in C:\My Folders\IGL3\S2\Nouvelles Tech°\Forma\Backend\service-utilisateurs)
2026-04-05T20:06:24.217+01:00  INFO 3308 --- [  restartedMain] tn.forma.users.Application               : No active profile set, falling back to 1 default profile: "default"
2026-04-05T20:06:24.335+01:00  INFO 3308 --- [  restartedMain] .e.DevToolsPropertyDefaultsPostProcessor : Devtools property defaults active! Set 'spring.devtools.add-properties' to 'false' to disable
2026-04-05T20:06:24.337+01:00  INFO 3308 --- [  restartedMain] .e.DevToolsPropertyDefaultsPostProcessor : For additional web related logging consider setting the 'logging.level.web' property to 'DEBUG'
2026-04-05T20:06:26.107+01:00  INFO 3308 --- [  restartedMain] .s.d.r.c.RepositoryConfigurationDelegate : Bootstrapping Spring Data JPA repositories in DEFAULT mode.
2026-04-05T20:06:26.317+01:00  INFO 3308 --- [  restartedMain] .s.d.r.c.RepositoryConfigurationDelegate : Finished Spring Data repository scanning in 179 ms. Found 13 JPA repository interfaces.
2026-04-05T20:06:27.629+01:00  INFO 3308 --- [  restartedMain] o.s.boot.tomcat.TomcatWebServer          : Tomcat initialized with port 8082 (http)
2026-04-05T20:06:27.657+01:00  INFO 3308 --- [  restartedMain] o.apache.catalina.core.StandardService   : Starting service [Tomcat]
2026-04-05T20:06:27.658+01:00  INFO 3308 --- [  restartedMain] o.apache.catalina.core.StandardEngine    : Starting Servlet engine: [Apache Tomcat/11.0.18]
2026-04-05T20:06:27.758+01:00  INFO 3308 --- [  restartedMain] b.w.c.s.WebApplicationContextInitializer : Root WebApplicationContext: initialization completed in 3419 ms
2026-04-05T20:06:28.100+01:00  INFO 3308 --- [  restartedMain] org.hibernate.orm.jpa                    : HHH008540: Processing PersistenceUnitInfo [name: default]
2026-04-05T20:06:28.211+01:00  INFO 3308 --- [  restartedMain] org.hibernate.orm.core                   : HHH000001: Hibernate ORM core version 7.2.4.Final
2026-04-05T20:06:29.216+01:00  INFO 3308 --- [  restartedMain] o.s.o.j.p.SpringPersistenceUnitInfo      : No LoadTimeWeaver setup: ignoring JPA class transformer
2026-04-05T20:06:29.294+01:00  WARN 3308 --- [  restartedMain] com.zaxxer.hikari.HikariConfig           : HikariPool-1 - keepaliveTime is greater than or equal to maxLifetime, disabling it.
2026-04-05T20:06:29.296+01:00  INFO 3308 --- [  restartedMain] com.zaxxer.hikari.HikariDataSource       : HikariPool-1 - Starting...
2026-04-05T20:06:30.708+01:00  INFO 3308 --- [  restartedMain] com.zaxxer.hikari.pool.HikariPool        : HikariPool-1 - Added connection org.postgresql.jdbc.PgConnection@5179e31f
2026-04-05T20:06:30.720+01:00  INFO 3308 --- [  restartedMain] com.zaxxer.hikari.HikariDataSource       : HikariPool-1 - Start completed.
2026-04-05T20:06:30.872+01:00  WARN 3308 --- [  restartedMain] org.hibernate.orm.deprecation            : HHH90000025: PostgreSQLDialect does not need to be specified explicitly using 'hibernate.dialect' (remove the property setting and it will be selected by default)
2026-04-05T20:06:31.265+01:00  INFO 3308 --- [  restartedMain] org.hibernate.orm.connections.pooling    : HHH10001005: Database info:
	Database JDBC URL [jdbc:postgresql://aws-1-eu-west-1.pooler.supabase.com:5432/postgres?sslmode=require]
	Database driver: PostgreSQL JDBC Driver
	Database dialect: PostgreSQLDialect
	Database version: 17.6
	Default catalog/schema: postgres/public
	Autocommit mode: undefined/unknown
	Isolation level: READ_COMMITTED [default READ_COMMITTED]
	JDBC fetch size: none
	Pool: DataSourceConnectionProvider
	Minimum pool size: undefined/unknown
	Maximum pool size: undefined/unknown
2026-04-05T20:06:34.101+01:00  INFO 3308 --- [  restartedMain] org.hibernate.orm.core                   : HHH000489: No JTA platform available (set 'hibernate.transaction.jta.platform' to enable JTA platform integration)
2026-04-05T20:06:35.140+01:00  INFO 3308 --- [  restartedMain] j.LocalContainerEntityManagerFactoryBean : Initialized JPA EntityManagerFactory for persistence unit 'default'
2026-04-05T20:06:35.311+01:00  INFO 3308 --- [  restartedMain] o.s.d.j.r.query.QueryEnhancerFactories   : Hibernate is in classpath; If applicable, HQL parser will be used.
2026-04-05T20:06:36.211+01:00  INFO 3308 --- [  restartedMain] eAuthenticationProviderManagerConfigurer : Global AuthenticationManager configured with AuthenticationProvider bean with name authenticationProvider
2026-04-05T20:06:36.213+01:00  WARN 3308 --- [  restartedMain] r$InitializeUserDetailsManagerConfigurer : Global AuthenticationManager configured with an AuthenticationProvider bean. UserDetailsService beans will not be used by Spring Security for automatically configuring username/password login. Consider removing the AuthenticationProvider bean. Alternatively, consider using the UserDetailsService in a manually instantiated DaoAuthenticationProvider. If the current configuration is intentional, to turn off this warning, increase the logging level of 'org.springframework.security.config.annotation.authentication.configuration.InitializeUserDetailsBeanManagerConfigurer' to ERROR
2026-04-05T20:06:38.070+01:00  WARN 3308 --- [  restartedMain] JpaBaseConfiguration$JpaWebConfiguration : spring.jpa.open-in-view is enabled by default. Therefore, database queries may be performed during view rendering. Explicitly configure spring.jpa.open-in-view to disable this warning
2026-04-05T20:06:39.340+01:00  INFO 3308 --- [  restartedMain] o.s.boot.tomcat.TomcatWebServer          : Tomcat started on port 8082 (http) with context path '/'
2026-04-05T20:06:39.354+01:00  INFO 3308 --- [  restartedMain] tn.forma.users.Application               : Started Application in 15.96 seconds (process running for 17.133)
2026-04-05T20:07:00.840+01:00  INFO 3308 --- [nio-8082-exec-1] o.a.c.c.C.[Tomcat].[localhost].[/]       : Initializing Spring DispatcherServlet 'dispatcherServlet'
2026-04-05T20:07:00.854+01:00  INFO 3308 --- [nio-8082-exec-1] o.s.web.servlet.DispatcherServlet        : Initializing Servlet 'dispatcherServlet'
2026-04-05T20:07:00.858+01:00  INFO 3308 --- [nio-8082-exec-1] o.s.web.servlet.DispatcherServlet        : Completed initialization in 3 ms
Hibernate: 
    select
        u1_0.id,
        u1_0.avatar_public_id,
        u1_0.avatar_url,
        u1_0.country,
        u1_0.created_at,
        u1_0.email,
        u1_0.email_change_code,
        u1_0.email_change_code_expiry,
        u1_0.email_verified,
        u1_0.first_name,
        u1_0.google_email,
        u1_0.google_id,
        u1_0.is_active,
        u1_0.last_login_at,
        u1_0.last_name,
        u1_0.login_verification_code,
        u1_0.login_verification_code_expiry,
        u1_0.login_verification_enabled,
        u1_0.password,
        u1_0.pending_email,
        u1_0.pending_login_verification_enabled,
        u1_0.phone,
        u1_0.preferred_language,
        u1_0.preferred_theme,
        u1_0.recovery_email,
        u1_0.recovery_phone,
        u1_0.role,
        u1_0.security_answer1_hash,
        u1_0.security_answer2_hash,
        u1_0.security_question1,
        u1_0.security_question2,
        u1_0.updated_at,
        u1_0.username,
        u1_0.verification_token,
        u1_0.verification_token_expiry,
        u1_0.website 
    from
        users u1_0 
    where
        u1_0.email=?
Hibernate: 
    select
        u1_0.id,
        u1_0.avatar_public_id,
        u1_0.avatar_url,
        u1_0.country,
        u1_0.created_at,
        u1_0.email,
        u1_0.email_change_code,
        u1_0.email_change_code_expiry,
        u1_0.email_verified,
        u1_0.first_name,
        u1_0.google_email,
        u1_0.google_id,
        u1_0.is_active,
        u1_0.last_login_at,
        u1_0.last_name,
        u1_0.login_verification_code,
        u1_0.login_verification_code_expiry,
        u1_0.login_verification_enabled,
        u1_0.password,
        u1_0.pending_email,
        u1_0.pending_login_verification_enabled,
        u1_0.phone,
        u1_0.preferred_language,
        u1_0.preferred_theme,
        u1_0.recovery_email,
        u1_0.recovery_phone,
        u1_0.role,
        u1_0.security_answer1_hash,
        u1_0.security_answer2_hash,
        u1_0.security_question1,
        u1_0.security_question2,
        u1_0.updated_at,
        u1_0.username,
        u1_0.verification_token,
        u1_0.verification_token_expiry,
        u1_0.website 
    from
        users u1_0 
    where
        u1_0.email=?
Hibernate: 
    select
        p1_0.id,
        p1_0.contact_phone,
        p1_0.created_at,
        p1_0.creation_method,
        p1_0.default_domain,
        p1_0.description,
        p1_0.facebook_url,
        p1_0.instagram_url,
        p1_0.logo_public_id,
        p1_0.logo_url,
        p1_0.meta_description,
        p1_0.name,
        p1_0.is_published,
        p1_0.status,
        p1_0.store_email,
        p1_0.store_title,
        p1_0.template_id,
        p1_0.tiktok_url,
        p1_0.type,
        p1_0.updated_at,
        p1_0.user_id,
        p1_0.whatsapp_number 
    from
        projects p1_0 
    where
        p1_0.id=? 
        and p1_0.user_id=?
Hibernate: 
    select
        pp1_0.id,
        pp1_0.active,
        pp1_0.category,
        pp1_0.compare_at_price,
        pp1_0.created_at,
        pp1_0.description,
        pp1_0.image_url,
        pp1_0.inventory_quantity,
        pp1_0.name,
        pp1_0.price,
        pp1_0.product_type,
        pp1_0.project_id,
        pp1_0.sku,
        pp1_0.status,
        pp1_0.tags_csv,
        pp1_0.updated_at 
    from
        project_products pp1_0 
    where
        pp1_0.project_id=? 
    order by
        pp1_0.updated_at desc
Hibernate: 
    select
        pc1_0.id,
        pc1_0.address,
        pc1_0.created_at,
        pc1_0.email,
        pc1_0.first_name,
        pc1_0.last_name,
        pc1_0.phone,
        pc1_0.project_id,
        pc1_0.updated_at,
        pc1_0.zone_label 
    from
        project_customers pc1_0 
    where
        pc1_0.project_id=? 
    order by
        pc1_0.created_at desc
Hibernate: 
    select
        po1_0.id,
        po1_0.created_at,
        c1_0.id,
        c1_0.address,
        c1_0.created_at,
        c1_0.email,
        c1_0.first_name,
        c1_0.last_name,
        c1_0.phone,
        c1_0.project_id,
        c1_0.updated_at,
        c1_0.zone_label,
        po1_0.delivered_at,
        po1_0.delivery_address,
        po1_0.delivery_fee,
        po1_0.fulfillment_status,
        i1_0.order_id,
        i1_0.id,
        i1_0.line_total,
        p2_0.id,
        p2_0.active,
        p2_0.category,
        p2_0.compare_at_price,
        p2_0.created_at,
        p2_0.description,
        p2_0.image_url,
        p2_0.inventory_quantity,
        p2_0.name,
        p2_0.price,
        p2_0.product_type,
        p2_0.project_id,
        p2_0.sku,
        p2_0.status,
        p2_0.tags_csv,
        p2_0.updated_at,
        i1_0.product_name,
        i1_0.product_sku,
        i1_0.quantity,
        i1_0.unit_price,
        po1_0.notes,
        po1_0.order_number,
        po1_0.payment_status,
        po1_0.placed_at,
        po1_0.project_id,
        po1_0.scheduled_for,
        po1_0.subtotal,
        po1_0.total,
        po1_0.updated_at 
    from
        project_orders po1_0 
    left join
        project_customers c1_0 
            on c1_0.id=po1_0.customer_id 
    left join
        project_order_items i1_0 
            on po1_0.id=i1_0.order_id 
    left join
        project_products p2_0 
            on p2_0.id=i1_0.product_id 
    where
        po1_0.project_id=? 
    order by
        po1_0.placed_at desc
Hibernate: 
    select
        pp1_0.id,
        pp1_0.created_at,
        pp1_0.description,
        pp1_0.featured,
        pp1_0.project_id,
        pp1_0.section_count,
        pp1_0.seo_label,
        pp1_0.slug,
        pp1_0.sort_order,
        pp1_0.status,
        pp1_0.title,
        pp1_0.updated_at 
    from
        portfolio_pages pp1_0 
    where
        pp1_0.project_id=? 
    order by
        pp1_0.sort_order
Hibernate: 
    select
        pp1_0.id,
        pp1_0.created_at,
        pp1_0.description,
        pp1_0.featured,
        pp1_0.project_id,
        pp1_0.section_count,
        pp1_0.seo_label,
        pp1_0.slug,
        pp1_0.sort_order,
        pp1_0.status,
        pp1_0.title,
        pp1_0.updated_at 
    from
        portfolio_pages pp1_0 
    where
        pp1_0.project_id=? 
    order by
        pp1_0.sort_order
Hibernate: 
    insert 
    into
        portfolio_pages
        (created_at, description, featured, project_id, section_count, seo_label, slug, sort_order, status, title, updated_at) 
    values
        (?, ?, ?, ?, ?, ?, ?, ?, ?, ?, ?)
Hibernate: 
    insert 
    into
        portfolio_pages
        (created_at, description, featured, project_id, section_count, seo_label, slug, sort_order, status, title, updated_at) 
    values
        (?, ?, ?, ?, ?, ?, ?, ?, ?, ?, ?)
Hibernate: 
    insert 
    into
        portfolio_pages
        (created_at, description, featured, project_id, section_count, seo_label, slug, sort_order, status, title, updated_at) 
    values
        (?, ?, ?, ?, ?, ?, ?, ?, ?, ?, ?)
Hibernate: 
    insert 
    into
        portfolio_pages
        (created_at, description, featured, project_id, section_count, seo_label, slug, sort_order, status, title, updated_at) 
    values
        (?, ?, ?, ?, ?, ?, ?, ?, ?, ?, ?)
Hibernate: 
    select
        pae1_0.id,
        pae1_0.created_at,
        pae1_0.device_type,
        pae1_0.event_type,
        pae1_0.occurred_at,
        pae1_0.page_path,
        pae1_0.page_title,
        pae1_0.project_id,
        pae1_0.referrer_host,
        pae1_0.source_type,
        pae1_0.visitor_key 
    from
        project_analytics_events pae1_0 
    where
        pae1_0.project_id=? 
        and pae1_0.occurred_at>=? 
        and pae1_0.occurred_at<? 
    order by
        pae1_0.occurred_at
Hibernate: 
    select
        u1_0.id,
        u1_0.avatar_public_id,
        u1_0.avatar_url,
        u1_0.country,
        u1_0.created_at,
        u1_0.email,
        u1_0.email_change_code,
        u1_0.email_change_code_expiry,
        u1_0.email_verified,
        u1_0.first_name,
        u1_0.google_email,
        u1_0.google_id,
        u1_0.is_active,
        u1_0.last_login_at,
        u1_0.last_name,
        u1_0.login_verification_code,
        u1_0.login_verification_code_expiry,
        u1_0.login_verification_enabled,
        u1_0.password,
        u1_0.pending_email,
        u1_0.pending_login_verification_enabled,
        u1_0.phone,
        u1_0.preferred_language,
        u1_0.preferred_theme,
        u1_0.recovery_email,
        u1_0.recovery_phone,
        u1_0.role,
        u1_0.security_answer1_hash,
        u1_0.security_answer2_hash,
        u1_0.security_question1,
        u1_0.security_question2,
        u1_0.updated_at,
        u1_0.username,
        u1_0.verification_token,
        u1_0.verification_token_expiry,
        u1_0.website 
    from
        users u1_0 
    where
        u1_0.email=?
Hibernate: 
    select
        u1_0.id,
        u1_0.avatar_public_id,
        u1_0.avatar_url,
        u1_0.country,
        u1_0.created_at,
        u1_0.email,
        u1_0.email_change_code,
        u1_0.email_change_code_expiry,
        u1_0.email_verified,
        u1_0.first_name,
        u1_0.google_email,
        u1_0.google_id,
        u1_0.is_active,
        u1_0.last_login_at,
        u1_0.last_name,
        u1_0.login_verification_code,
        u1_0.login_verification_code_expiry,
        u1_0.login_verification_enabled,
        u1_0.password,
        u1_0.pending_email,
        u1_0.pending_login_verification_enabled,
        u1_0.phone,
        u1_0.preferred_language,
        u1_0.preferred_theme,
        u1_0.recovery_email,
        u1_0.recovery_phone,
        u1_0.role,
        u1_0.security_answer1_hash,
        u1_0.security_answer2_hash,
        u1_0.security_question1,
        u1_0.security_question2,
        u1_0.updated_at,
        u1_0.username,
        u1_0.verification_token,
        u1_0.verification_token_expiry,
        u1_0.website 
    from
        users u1_0 
    where
        u1_0.email=?
Hibernate: 
    select
        p1_0.id,
        p1_0.contact_phone,
        p1_0.created_at,
        p1_0.creation_method,
        p1_0.default_domain,
        p1_0.description,
        p1_0.facebook_url,
        p1_0.instagram_url,
        p1_0.logo_public_id,
        p1_0.logo_url,
        p1_0.meta_description,
        p1_0.name,
        p1_0.is_published,
        p1_0.status,
        p1_0.store_email,
        p1_0.store_title,
        p1_0.template_id,
        p1_0.tiktok_url,
        p1_0.type,
        p1_0.updated_at,
        p1_0.user_id,
        p1_0.whatsapp_number 
    from
        projects p1_0 
    where
        p1_0.id=? 
        and p1_0.user_id=?
Hibernate: 
    select
        pp1_0.id,
        pp1_0.created_at,
        pp1_0.description,
        pp1_0.featured,
        pp1_0.project_id,
        pp1_0.section_count,
        pp1_0.seo_label,
        pp1_0.slug,
        pp1_0.sort_order,
        pp1_0.status,
        pp1_0.title,
        pp1_0.updated_at 
    from
        portfolio_pages pp1_0 
    where
        pp1_0.project_id=? 
    order by
        pp1_0.sort_order
[INFO] ------------------------------------------------------------------------
[INFO] BUILD FAILURE
[INFO] ------------------------------------------------------------------------
[INFO] Total time:  56.509 s
[INFO] Finished at: 2026-04-05T20:07:13+01:00
[INFO] ------------------------------------------------------------------------
[ERROR] Failed to execute goal org.springframework.boot:spring-boot-maven-plugin:4.0.3:run (default-cli) on project service-utilisateurs: Process terminated with exit code: -1 -> [Help 1]
[ERROR] 
[ERROR] To see the full stack trace of the errors, re-run Maven with the -e switch.
[ERROR] Re-run Maven using the -X switch to enable full debug logging.
[ERROR] 
[ERROR] For more information about the errors and possible solutions, please read the following articles:
[ERROR] [Help 1] http://cwiki.apache.org/confluence/display/MAVEN/MojoExecutionException
