[INFO] Scanning for projects...
[INFO] 
[INFO] ----------------------< tn.forma:service-projets >----------------------
[INFO] Building service-projets 0.0.1-SNAPSHOT
[INFO]   from pom.xml
[INFO] --------------------------------[ jar ]---------------------------------
[INFO] 
[INFO] >>> spring-boot:4.0.3:run (default-cli) > test-compile @ service-projets >>>
[INFO] 
[INFO] --- resources:3.3.1:resources (default-resources) @ service-projets ---
[INFO] Copying 1 resource from src\main\resources to target\classes
[INFO] Copying 0 resource from src\main\resources to target\classes
[INFO] 
[INFO] --- compiler:3.14.1:compile (default-compile) @ service-projets ---
[INFO] Nothing to compile - all classes are up to date.
[INFO] 
[INFO] --- resources:3.3.1:testResources (default-testResources) @ service-projets ---
[INFO] skip non existing resourceDirectory G:\Coding\Forma\Backend\service-projets\src\test\resources
[INFO] 
[INFO] --- compiler:3.14.1:testCompile (default-testCompile) @ service-projets ---
[INFO] Nothing to compile - all classes are up to date.
[INFO] 
[INFO] <<< spring-boot:4.0.3:run (default-cli) < test-compile @ service-projets <<<
[INFO] 
[INFO] 
[INFO] --- spring-boot:4.0.3:run (default-cli) @ service-projets ---
[INFO] Attaching agents: []

  .   ____          _            __ _ _
 /\\ / ___'_ __ _ _(_)_ __  __ _ \ \ \ \
( ( )\___ | '_ | '_| | '_ \/ _` | \ \ \ \
 \\/  ___)| |_)| | | | | || (_| |  ) ) ) )
  '  |____| .__|_| |_|_| |_\__, | / / / /
 =========|_|==============|___/=/_/_/_/

 :: Spring Boot ::                (v4.0.3)

2026-04-16T22:48:27.814+02:00  INFO 21776 --- [service-projets] [  restartedMain] tn.forma.users.Application               : Starting Application using Java 25.0.1 with PID 21776 (G:\Coding\Forma\Backend\service-projets\target\classes started by MSI in G:\Coding\Forma\Backend\service-projets)
2026-04-16T22:48:27.834+02:00  INFO 21776 --- [service-projets] [  restartedMain] tn.forma.users.Application               : No active profile set, falling back to 1 default profile: "default"
2026-04-16T22:48:27.920+02:00  INFO 21776 --- [service-projets] [  restartedMain] .e.DevToolsPropertyDefaultsPostProcessor : Devtools property defaults active! Set 'spring.devtools.add-properties' to 'false' to disable
2026-04-16T22:48:27.920+02:00  INFO 21776 --- [service-projets] [  restartedMain] .e.DevToolsPropertyDefaultsPostProcessor : For additional web related logging consider setting the 'logging.level.web' property to 'DEBUG'
2026-04-16T22:48:34.765+02:00  INFO 21776 --- [service-projets] [  restartedMain] .s.d.r.c.RepositoryConfigurationDelegate : Bootstrapping Spring Data JPA repositories in DEFAULT mode.
2026-04-16T22:48:35.021+02:00  INFO 21776 --- [service-projets] [  restartedMain] .s.d.r.c.RepositoryConfigurationDelegate : Finished Spring Data repository scanning in 238 ms. Found 16 JPA repository interfaces.
2026-04-16T22:48:36.345+02:00  INFO 21776 --- [service-projets] [  restartedMain] o.s.boot.tomcat.TomcatWebServer          : Tomcat initialized with port 8082 (http)
2026-04-16T22:48:36.364+02:00  INFO 21776 --- [service-projets] [  restartedMain] o.apache.catalina.core.StandardService   : Starting service [Tomcat]
2026-04-16T22:48:36.365+02:00  INFO 21776 --- [service-projets] [  restartedMain] o.apache.catalina.core.StandardEngine    : Starting Servlet engine: [Apache Tomcat/11.0.18]
2026-04-16T22:48:36.431+02:00  INFO 21776 --- [service-projets] [  restartedMain] b.w.c.s.WebApplicationContextInitializer : Root WebApplicationContext: initialization completed in 8509 ms
2026-04-16T22:48:36.629+02:00  INFO 21776 --- [service-projets] [  restartedMain] org.hibernate.orm.jpa                    : HHH008540: Processing PersistenceUnitInfo [name: default]
2026-04-16T22:48:36.695+02:00  INFO 21776 --- [service-projets] [  restartedMain] org.hibernate.orm.core                   : HHH000001: Hibernate ORM core version 7.2.4.Final
2026-04-16T22:48:37.185+02:00  INFO 21776 --- [service-projets] [  restartedMain] o.s.o.j.p.SpringPersistenceUnitInfo      : No LoadTimeWeaver setup: ignoring JPA class transformer
2026-04-16T22:48:37.754+02:00  WARN 21776 --- [service-projets] [  restartedMain] org.hibernate.orm.deprecation            : HHH90000025: PostgreSQLDialect does not need to be specified explicitly using 'hibernate.dialect' (remove the property setting and it will be selected by default)
2026-04-16T22:48:37.765+02:00  INFO 21776 --- [service-projets] [  restartedMain] org.hibernate.orm.connections.pooling    : HHH10001005: Database info:
	Database JDBC URL [undefined/unknown]
	Database driver: undefined/unknown
	Database dialect: PostgreSQLDialect
	Database version: 13.0
	Default catalog/schema: unknown/unknown
	Autocommit mode: undefined/unknown
	Isolation level: <unknown>
	JDBC fetch size: undefined/unknown
	Pool: undefined/unknown
	Minimum pool size: undefined/unknown
	Maximum pool size: undefined/unknown
2026-04-16T22:48:39.123+02:00  INFO 21776 --- [service-projets] [  restartedMain] org.hibernate.orm.core                   : HHH000489: No JTA platform available (set 'hibernate.transaction.jta.platform' to enable JTA platform integration)
2026-04-16T22:48:39.156+02:00  INFO 21776 --- [service-projets] [  restartedMain] com.zaxxer.hikari.HikariDataSource       : HikariPool-1 - Starting...
2026-04-16T22:48:40.966+02:00  INFO 21776 --- [service-projets] [  restartedMain] com.zaxxer.hikari.HikariDataSource       : HikariPool-1 - Start completed.
2026-04-16T22:48:45.688+02:00  INFO 21776 --- [service-projets] [  restartedMain] j.LocalContainerEntityManagerFactoryBean : Initialized JPA EntityManagerFactory for persistence unit 'default'
2026-04-16T22:48:45.772+02:00  INFO 21776 --- [service-projets] [  restartedMain] o.s.d.j.r.query.QueryEnhancerFactories   : Hibernate is in classpath; If applicable, HQL parser will be used.
2026-04-16T22:48:47.303+02:00  INFO 21776 --- [service-projets] [  restartedMain] eAuthenticationProviderManagerConfigurer : Global AuthenticationManager configured with AuthenticationProvider bean with name authenticationProvider
2026-04-16T22:48:47.304+02:00  WARN 21776 --- [service-projets] [  restartedMain] r$InitializeUserDetailsManagerConfigurer : Global AuthenticationManager configured with an AuthenticationProvider bean. UserDetailsService beans will not be used by Spring Security for automatically configuring username/password login. Consider removing the AuthenticationProvider bean. Alternatively, consider using the UserDetailsService in a manually instantiated DaoAuthenticationProvider. If the current configuration is intentional, to turn off this warning, increase the logging level of 'org.springframework.security.config.annotation.authentication.configuration.InitializeUserDetailsBeanManagerConfigurer' to ERROR
2026-04-16T22:48:49.993+02:00  WARN 21776 --- [service-projets] [  restartedMain] ConfigServletWebServerApplicationContext : Exception encountered during context initialization - cancelling refresh attempt: org.springframework.context.ApplicationContextException: Failed to start bean 'webServerStartStop'
2026-04-16T22:48:50.000+02:00  INFO 21776 --- [service-projets] [  restartedMain] j.LocalContainerEntityManagerFactoryBean : Closing JPA EntityManagerFactory for persistence unit 'default'
2026-04-16T22:48:50.004+02:00  INFO 21776 --- [service-projets] [  restartedMain] com.zaxxer.hikari.HikariDataSource       : HikariPool-1 - Shutdown initiated...
2026-04-16T22:48:50.064+02:00  INFO 21776 --- [service-projets] [  restartedMain] com.zaxxer.hikari.HikariDataSource       : HikariPool-1 - Shutdown completed.
2026-04-16T22:48:50.074+02:00  INFO 21776 --- [service-projets] [  restartedMain] .s.b.a.l.ConditionEvaluationReportLogger : 

Error starting ApplicationContext. To display the condition evaluation report re-run your application with 'debug' enabled.
2026-04-16T22:48:50.090+02:00 ERROR 21776 --- [service-projets] [  restartedMain] o.s.b.d.LoggingFailureAnalysisReporter   : 

***************************
APPLICATION FAILED TO START
***************************

Description:

Web server failed to start. Port 8082 was already in use.

Action:

Identify and stop the process that's listening on port 8082 or configure this application to listen on another port.

[INFO] ------------------------------------------------------------------------
[INFO] BUILD SUCCESS
[INFO] ------------------------------------------------------------------------
[INFO] Total time:  01:19 min
[INFO] Finished at: 2026-04-16T22:48:50+02:00
[INFO] ------------------------------------------------------------------------
