[INFO] Scanning for projects...
[INFO] 
[INFO] ----------------------< tn.forma:service-billing >----------------------
[INFO] Building service-billing 0.0.1-SNAPSHOT
[INFO]   from pom.xml
[INFO] --------------------------------[ jar ]---------------------------------
[INFO] 
[INFO] >>> spring-boot:4.0.3:run (default-cli) > test-compile @ service-billing >>>
[INFO] 
[INFO] --- resources:3.3.1:resources (default-resources) @ service-billing ---
[INFO] Copying 1 resource from src\main\resources to target\classes
[INFO] Copying 0 resource from src\main\resources to target\classes
[INFO] 
[INFO] --- compiler:3.14.1:compile (default-compile) @ service-billing ---
[INFO] Nothing to compile - all classes are up to date.
[INFO] 
[INFO] --- resources:3.3.1:testResources (default-testResources) @ service-billing ---
[INFO] skip non existing resourceDirectory G:\Coding\Forma\Backend\service-billing\src\test\resources
[INFO] 
[INFO] --- compiler:3.14.1:testCompile (default-testCompile) @ service-billing ---
[INFO] Nothing to compile - all classes are up to date.
[INFO] 
[INFO] <<< spring-boot:4.0.3:run (default-cli) < test-compile @ service-billing <<<
[INFO] 
[INFO] 
[INFO] --- spring-boot:4.0.3:run (default-cli) @ service-billing ---
[INFO] Attaching agents: []

  .   ____          _            __ _ _
 /\\ / ___'_ __ _ _(_)_ __  __ _ \ \ \ \
( ( )\___ | '_ | '_| | '_ \/ _` | \ \ \ \
 \\/  ___)| |_)| | | | | || (_| |  ) ) ) )
  '  |____| .__|_| |_|_| |_\__, | / / / /
 =========|_|==============|___/=/_/_/_/

 :: Spring Boot ::                (v4.0.3)

2026-04-18T20:22:40.075+02:00  INFO 14956 --- [service-billing] [  restartedMain] tn.forma.users.Application               : Starting Application using Java 25.0.1 with PID 14956 (G:\Coding\Forma\Backend\service-billing\target\classes started by MSI in G:\Coding\Forma\Backend\service-billing)
2026-04-18T20:22:40.080+02:00  INFO 14956 --- [service-billing] [  restartedMain] tn.forma.users.Application               : No active profile set, falling back to 1 default profile: "default"
2026-04-18T20:22:40.179+02:00  INFO 14956 --- [service-billing] [  restartedMain] .e.DevToolsPropertyDefaultsPostProcessor : Devtools property defaults active! Set 'spring.devtools.add-properties' to 'false' to disable
2026-04-18T20:22:40.180+02:00  INFO 14956 --- [service-billing] [  restartedMain] .e.DevToolsPropertyDefaultsPostProcessor : For additional web related logging consider setting the 'logging.level.web' property to 'DEBUG'
2026-04-18T20:22:42.273+02:00  INFO 14956 --- [service-billing] [  restartedMain] .s.d.r.c.RepositoryConfigurationDelegate : Bootstrapping Spring Data JPA repositories in DEFAULT mode.
2026-04-18T20:22:42.530+02:00  INFO 14956 --- [service-billing] [  restartedMain] .s.d.r.c.RepositoryConfigurationDelegate : Finished Spring Data repository scanning in 236 ms. Found 15 JPA repository interfaces.
2026-04-18T20:22:44.548+02:00  INFO 14956 --- [service-billing] [  restartedMain] o.s.boot.tomcat.TomcatWebServer          : Tomcat initialized with port 8085 (http)
2026-04-18T20:22:44.580+02:00  INFO 14956 --- [service-billing] [  restartedMain] o.apache.catalina.core.StandardService   : Starting service [Tomcat]
2026-04-18T20:22:44.582+02:00  INFO 14956 --- [service-billing] [  restartedMain] o.apache.catalina.core.StandardEngine    : Starting Servlet engine: [Apache Tomcat/11.0.18]
2026-04-18T20:22:44.679+02:00  INFO 14956 --- [service-billing] [  restartedMain] b.w.c.s.WebApplicationContextInitializer : Root WebApplicationContext: initialization completed in 4498 ms
2026-04-18T20:22:45.097+02:00  INFO 14956 --- [service-billing] [  restartedMain] org.hibernate.orm.jpa                    : HHH008540: Processing PersistenceUnitInfo [name: default]
2026-04-18T20:22:45.196+02:00  INFO 14956 --- [service-billing] [  restartedMain] org.hibernate.orm.core                   : HHH000001: Hibernate ORM core version 7.2.4.Final
2026-04-18T20:22:47.125+02:00  INFO 14956 --- [service-billing] [  restartedMain] o.s.o.j.p.SpringPersistenceUnitInfo      : No LoadTimeWeaver setup: ignoring JPA class transformer
2026-04-18T20:22:47.192+02:00  WARN 14956 --- [service-billing] [  restartedMain] org.hibernate.orm.deprecation            : HHH90000025: PostgreSQLDialect does not need to be specified explicitly using 'hibernate.dialect' (remove the property setting and it will be selected by default)
2026-04-18T20:22:47.218+02:00  INFO 14956 --- [service-billing] [  restartedMain] org.hibernate.orm.connections.pooling    : HHH10001005: Database info:
	Database JDBC URL [undefined/unknown]
	Database driver: undefined/unknown
	Database dialect: PostgreSQLDialect
	Database version: 13.0
	Default catalog/schema: unknown/unknown
	Autocommit mode: undefined/unknown
	Isolation level: <unknown>
	JDBC fetch size: undefined/unknown
	Pool: undefined/unknown
	Minimum pool size: undefined/unknown
	Maximum pool size: undefined/unknown
2026-04-18T20:22:50.741+02:00  INFO 14956 --- [service-billing] [  restartedMain] org.hibernate.orm.core                   : HHH000489: No JTA platform available (set 'hibernate.transaction.jta.platform' to enable JTA platform integration)
2026-04-18T20:22:50.778+02:00  INFO 14956 --- [service-billing] [  restartedMain] com.zaxxer.hikari.HikariDataSource       : HikariPool-1 - Starting...
2026-04-18T20:22:51.926+02:00  INFO 14956 --- [service-billing] [  restartedMain] com.zaxxer.hikari.HikariDataSource       : HikariPool-1 - Start completed.
2026-04-18T20:22:57.128+02:00  INFO 14956 --- [service-billing] [  restartedMain] j.LocalContainerEntityManagerFactoryBean : Initialized JPA EntityManagerFactory for persistence unit 'default'
2026-04-18T20:22:57.251+02:00  INFO 14956 --- [service-billing] [  restartedMain] o.s.d.j.r.query.QueryEnhancerFactories   : Hibernate is in classpath; If applicable, HQL parser will be used.
2026-04-18T20:22:57.854+02:00  INFO 14956 --- [service-billing] [  restartedMain] eAuthenticationProviderManagerConfigurer : Global AuthenticationManager configured with AuthenticationProvider bean with name authenticationProvider
2026-04-18T20:22:57.855+02:00  WARN 14956 --- [service-billing] [  restartedMain] r$InitializeUserDetailsManagerConfigurer : Global AuthenticationManager configured with an AuthenticationProvider bean. UserDetailsService beans will not be used by Spring Security for automatically configuring username/password login. Consider removing the AuthenticationProvider bean. Alternatively, consider using the UserDetailsService in a manually instantiated DaoAuthenticationProvider. If the current configuration is intentional, to turn off this warning, increase the logging level of 'org.springframework.security.config.annotation.authentication.configuration.InitializeUserDetailsBeanManagerConfigurer' to ERROR
2026-04-18T20:22:59.425+02:00  INFO 14956 --- [service-billing] [  restartedMain] o.s.boot.tomcat.TomcatWebServer          : Tomcat started on port 8085 (http) with context path '/'
2026-04-18T20:22:59.440+02:00  INFO 14956 --- [service-billing] [  restartedMain] tn.forma.users.Application               : Started Application in 20.26 seconds (process running for 21.295)
2026-04-18T21:07:49.825+02:00  INFO 14956 --- [service-billing] [   File Watcher] rtingClassPathChangeChangedEventListener : Restarting due to 1 class path change (0 additions, 0 deletions, 1 modification)
2026-04-18T21:07:49.856+02:00  INFO 14956 --- [service-billing] [       Thread-1] o.s.boot.tomcat.GracefulShutdown         : Commencing graceful shutdown. Waiting for active requests to complete
2026-04-18T21:07:49.887+02:00  INFO 14956 --- [service-billing] [tomcat-shutdown] o.s.boot.tomcat.GracefulShutdown         : Graceful shutdown complete
2026-04-18T21:07:49.954+02:00  INFO 14956 --- [service-billing] [       Thread-1] j.LocalContainerEntityManagerFactoryBean : Closing JPA EntityManagerFactory for persistence unit 'default'
2026-04-18T21:07:49.964+02:00  INFO 14956 --- [service-billing] [       Thread-1] com.zaxxer.hikari.HikariDataSource       : HikariPool-1 - Shutdown initiated...
2026-04-18T21:07:49.974+02:00  INFO 14956 --- [service-billing] [       Thread-1] com.zaxxer.hikari.HikariDataSource       : HikariPool-1 - Shutdown completed.

  .   ____          _            __ _ _
 /\\ / ___'_ __ _ _(_)_ __  __ _ \ \ \ \
( ( )\___ | '_ | '_| | '_ \/ _` | \ \ \ \
 \\/  ___)| |_)| | | | | || (_| |  ) ) ) )
  '  |____| .__|_| |_|_| |_\__, | / / / /
 =========|_|==============|___/=/_/_/_/

 :: Spring Boot ::                (v4.0.3)

2026-04-18T21:07:50.779+02:00  INFO 14956 --- [service-billing] [  restartedMain] tn.forma.users.Application               : Starting Application using Java 25.0.1 with PID 14956 (G:\Coding\Forma\Backend\service-billing\target\classes started by MSI in G:\Coding\Forma\Backend\service-billing)
2026-04-18T21:07:50.783+02:00  INFO 14956 --- [service-billing] [  restartedMain] tn.forma.users.Application               : No active profile set, falling back to 1 default profile: "default"
2026-04-18T21:08:02.507+02:00  INFO 14956 --- [service-billing] [  restartedMain] .s.d.r.c.RepositoryConfigurationDelegate : Bootstrapping Spring Data JPA repositories in DEFAULT mode.
2026-04-18T21:08:02.657+02:00  INFO 14956 --- [service-billing] [  restartedMain] .s.d.r.c.RepositoryConfigurationDelegate : Finished Spring Data repository scanning in 143 ms. Found 15 JPA repository interfaces.
2026-04-18T21:08:03.395+02:00  INFO 14956 --- [service-billing] [  restartedMain] o.s.boot.tomcat.TomcatWebServer          : Tomcat initialized with port 8085 (http)
2026-04-18T21:08:03.405+02:00  INFO 14956 --- [service-billing] [  restartedMain] o.apache.catalina.core.StandardService   : Starting service [Tomcat]
2026-04-18T21:08:03.408+02:00  INFO 14956 --- [service-billing] [  restartedMain] o.apache.catalina.core.StandardEngine    : Starting Servlet engine: [Apache Tomcat/11.0.18]
2026-04-18T21:08:03.549+02:00  INFO 14956 --- [service-billing] [  restartedMain] b.w.c.s.WebApplicationContextInitializer : Root WebApplicationContext: initialization completed in 12735 ms
2026-04-18T21:08:03.740+02:00  INFO 14956 --- [service-billing] [  restartedMain] org.hibernate.orm.jpa                    : HHH008540: Processing PersistenceUnitInfo [name: default]
2026-04-18T21:08:03.949+02:00  INFO 14956 --- [service-billing] [  restartedMain] o.s.o.j.p.SpringPersistenceUnitInfo      : No LoadTimeWeaver setup: ignoring JPA class transformer
2026-04-18T21:08:03.954+02:00  WARN 14956 --- [service-billing] [  restartedMain] org.hibernate.orm.deprecation            : HHH90000025: PostgreSQLDialect does not need to be specified explicitly using 'hibernate.dialect' (remove the property setting and it will be selected by default)
2026-04-18T21:08:03.956+02:00  INFO 14956 --- [service-billing] [  restartedMain] org.hibernate.orm.connections.pooling    : HHH10001005: Database info:
	Database JDBC URL [undefined/unknown]
	Database driver: undefined/unknown
	Database dialect: PostgreSQLDialect
	Database version: 13.0
	Default catalog/schema: unknown/unknown
	Autocommit mode: undefined/unknown
	Isolation level: <unknown>
	JDBC fetch size: undefined/unknown
	Pool: undefined/unknown
	Minimum pool size: undefined/unknown
	Maximum pool size: undefined/unknown
2026-04-18T21:08:05.441+02:00  INFO 14956 --- [service-billing] [  restartedMain] org.hibernate.orm.core                   : HHH000489: No JTA platform available (set 'hibernate.transaction.jta.platform' to enable JTA platform integration)
2026-04-18T21:08:05.445+02:00  INFO 14956 --- [service-billing] [  restartedMain] com.zaxxer.hikari.HikariDataSource       : HikariPool-2 - Starting...
2026-04-18T21:08:06.079+02:00  INFO 14956 --- [service-billing] [  restartedMain] com.zaxxer.hikari.HikariDataSource       : HikariPool-2 - Start completed.
2026-04-18T21:08:12.252+02:00  INFO 14956 --- [service-billing] [  restartedMain] j.LocalContainerEntityManagerFactoryBean : Initialized JPA EntityManagerFactory for persistence unit 'default'
2026-04-18T21:08:13.258+02:00  INFO 14956 --- [service-billing] [  restartedMain] eAuthenticationProviderManagerConfigurer : Global AuthenticationManager configured with AuthenticationProvider bean with name authenticationProvider
2026-04-18T21:08:13.260+02:00  WARN 14956 --- [service-billing] [  restartedMain] r$InitializeUserDetailsManagerConfigurer : Global AuthenticationManager configured with an AuthenticationProvider bean. UserDetailsService beans will not be used by Spring Security for automatically configuring username/password login. Consider removing the AuthenticationProvider bean. Alternatively, consider using the UserDetailsService in a manually instantiated DaoAuthenticationProvider. If the current configuration is intentional, to turn off this warning, increase the logging level of 'org.springframework.security.config.annotation.authentication.configuration.InitializeUserDetailsBeanManagerConfigurer' to ERROR
2026-04-18T21:08:14.235+02:00  INFO 14956 --- [service-billing] [  restartedMain] o.s.boot.tomcat.TomcatWebServer          : Tomcat started on port 8085 (http) with context path '/'
2026-04-18T21:08:14.238+02:00  INFO 14956 --- [service-billing] [  restartedMain] tn.forma.users.Application               : Started Application in 23.846 seconds (process running for 2736.094)
2026-04-18T21:08:14.371+02:00  INFO 14956 --- [service-billing] [  restartedMain] .ConditionEvaluationDeltaLoggingListener : Condition evaluation unchanged
